Determining if the _POSIX_TIMERS exist failed with the following output:
Change Dir: S:/Github/BioRT-HBV-Universal/build/CMakeFiles/CMakeTmp

Run Build Command(s):C:/Program Files/Microsoft Visual Studio/2022/Community/MSBuild/Current/Bin/amd64/MSBuild.exe cmTC_f24ec.vcxproj /p:Configuration=Debug /p:Platform=x64 /p:VisualStudioVersion=17.0 /v:m && MSBuild version 17.6.3+07e294721 for .NET Framework

  Microsoft (R) C/C++ Optimizing Compiler Version 19.36.32532 for x64
  Copyright (C) Microsoft Corporation.  All rights reserved.
  CheckSymbolExists.c
S:\Github\BioRT-HBV-Universal\build\CMakeFiles\CMakeTmp\CheckSymbolExists.c(2,10): fatal  error C1083: Cannot open include file: 'unistd.h': No such file or directory [S:\Github\BioRT-HBV-Universal\build\CMakeFiles\CMakeTmp\cmTC_f24ec.vcxproj]
  cl /c /Zi /W3 /WX- /diagnostics:column /Od /Ob0 /D _MBCS /D WIN32 /D _WINDOWS /D "CMAKE_INTDIR=\"Debug\"" /Gm- /RTC1 /MDd /GS /fp:precise /Zc:wchar_t /Zc:forScope /Zc:inline /Fo"cmTC_f24ec.dir\Debug\\" /Fd"cmTC_f24ec.dir\Debug\vc143.pdb" /external:W3 /Gd /TC /errorReport:queue "S:\Github\BioRT-HBV-Universal\build\CMakeFiles\CMakeTmp\CheckSymbolExists.c"


File S:/Github/BioRT-HBV-Universal/build/CMakeFiles/CMakeTmp/CheckSymbolExists.c:
/* */
#include <unistd.h>
#include <time.h>

int main(int argc, char** argv)
{
  (void)argv;
#ifndef _POSIX_TIMERS
  return ((int*)(&_POSIX_TIMERS))[argc];
#else
  (void)argc;
  return 0;
#endif
}
